2019-05-07 00:27:06
2019-05-07 00:27:24
2019-05-07 00:27:25
2019-05-07 00:27:25
2019-05-07 00:27:25
2019-05-07 00:27:25
2019-05-07 00:27:25
2019-05-07 00:27:26
2019-05-07 00:27:26
2019-05-07 00:27:26
2019-05-07 00:27:26
2019-05-07 00:27:27
2019-05-07 00:32:10
2019-05-07 00:32:10
2019-05-07 00:32:11
2019-05-07 00:32:11
2019-05-07 00:32:11
2019-05-07 00:32:11
2019-05-07 00:32:11
2019-05-07 00:32:11
2019-05-07 00:32:12
2019-05-07 00:32:12
2019-05-07 00:32:12
2019-05-07 00:32:12
2019-05-07 00:32:12
2019-05-07 00:32:12
2019-05-07 00:32:13
2019-05-07 00:32:20
2019-05-07 00:32:52
2019-05-07 00:32:53
2019-05-07 00:32:53
2019-05-07 00:34:09
2019-05-07 08:35:26
2019-05-07 08:36:39
2019-05-07 08:41:27
2019-05-07 08:42:09
>>>>>>2019-05-07 08:42:36>>>>>
2019-05-07 08:42:36>>>>>
2019-05-07 08:42:45>>>>>
2019-05-07 08:42:54>>>>>
2019-05-07 08:45:10{"token":"cd604","id":"8"}>>>>>
2019-05-07 08:45:14{"token":"cd604","id":"8"}>>>>>
2019-05-07 08:46:02{"token":"cd604","id":"8"}>>>>>
2019-05-07 08:46:20{"token":"cd604","id":"8"}
2019-05-07 08:46:39{"token":"cd604","id":"8"}
2019-05-07 08:46:39{"token":"cd604","id":"8"}
2019-05-07 08:46:39{"token":"cd604","id":"8"}
2019-05-07 08:46:40{"token":"cd604","id":"8"}
2019-05-07 08:46:40{"token":"cd604","id":"8"}
2019-05-07 08:46:40{"token":"cd604","id":"8"}
2019-05-07 08:46:40{"token":"cd604","id":"8"}
2019-05-07 08:46:40{"token":"cd604","id":"8"}
2019-05-07 08:46:40{"token":"cd604","id":"8"}
2019-05-07 08:46:41{"token":"cd604","id":"8"}
2019-05-07 09:05:50{"token":"cd604","id":"8"}
2019-05-07 09:54:14{"token":"cd604","id":"8"}
2019-05-07 18:56:25[]
2019-05-07 18:56:26[]
2019-05-07 18:56:26[]
2019-05-07 18:56:27[]
2019-05-07 18:57:31[]
2019-05-07 18:57:43[]
2019-05-07 18:57:48[]
2019-05-07 18:57:49[]
2019-05-07 18:57:49[]
2019-05-07 18:57:49[]
2019-05-07 18:57:50[]
2019-05-07 18:57:50[]
2019-05-07 18:57:50[]
2019-05-07 18:57:50[]
2019-05-07 18:57:50[]
2019-05-07 18:57:51[]
2019-05-07 18:57:51[]
